<?xml version="1.0" encoding="UTF-8"?>
<testsuite xmlns:xsi="http://www.w3.org/2001/XMLSchema-instance" xsi:noNamespaceSchemaLocation="https://maven.apache.org/surefire/maven-surefire-plugin/xsd/surefire-test-report.xsd" name="br.com.azi.patrimoniointangivel.domain.usecase.patrimonio.ativacao.exception.DataAtivacaoIgualDataDeVencimentoExceptionTest" time="0" tests="1" errors="0" skipped="0" failures="0">
  <properties>
    <property name="sun.desktop" value="gnome"/>
    <property name="awt.toolkit" value="sun.awt.X11.XToolkit"/>
    <property name="java.specification.version" value="11"/>
    <property name="sun.cpu.isalist" value=""/>
    <property name="sun.jnu.encoding" value="UTF-8"/>
    <property name="java.class.path" value="/home/matheus/Documentos/patrimonio-intangivel/patrimonio-intangivel-api/patrimonio-intangivel-api-domain/target/test-classes:/home/matheus/Documentos/patrimonio-intangivel/patrimonio-intangivel-api/patrimonio-intangivel-api-domain/target/classes:/home/matheus/Documentos/patrimonio-intangivel/patrimonio-intangivel-api/patrimonio-intangivel-api-utils/target/patrimonio-intangivel-api-utils-1.5.0-SNAPSHOT.34.jar:/home/matheus/.m2/repository/org/springframework/spring-context/5.1.8.RELEASE/spring-context-5.1.8.RELEASE.jar:/home/matheus/.m2/repository/org/springframework/spring-aop/5.1.8.RELEASE/spring-aop-5.1.8.RELEASE.jar:/home/matheus/.m2/repository/org/springframework/spring-beans/5.1.8.RELEASE/spring-beans-5.1.8.RELEASE.jar:/home/matheus/.m2/repository/org/springframework/spring-core/5.1.8.RELEASE/spring-core-5.1.8.RELEASE.jar:/home/matheus/.m2/repository/org/springframework/spring-jcl/5.1.8.RELEASE/spring-jcl-5.1.8.RELEASE.jar:/home/matheus/.m2/repository/org/springframework/spring-expression/5.1.8.RELEASE/spring-expression-5.1.8.RELEASE.jar:/home/matheus/.m2/repository/org/projectlombok/lombok/1.18.8/lombok-1.18.8.jar:/home/matheus/.m2/repository/org/jacoco/org.jacoco.agent/0.8.4/org.jacoco.agent-0.8.4-runtime.jar:/home/matheus/.m2/repository/junit/junit/4.12/junit-4.12.jar:/home/matheus/.m2/repository/org/hamcrest/hamcrest-core/1.3/hamcrest-core-1.3.jar:/home/matheus/.m2/repository/org/mockito/mockito-core/2.18.0/mockito-core-2.18.0.jar:/home/matheus/.m2/repository/net/bytebuddy/byte-buddy/1.9.13/byte-buddy-1.9.13.jar:/home/matheus/.m2/repository/net/bytebuddy/byte-buddy-agent/1.9.13/byte-buddy-agent-1.9.13.jar:/home/matheus/.m2/repository/org/objenesis/objenesis/2.6/objenesis-2.6.jar:/home/matheus/.m2/repository/org/powermock/powermock-module-junit4/2.0.2/powermock-module-junit4-2.0.2.jar:/home/matheus/.m2/repository/org/powermock/powermock-module-junit4-common/2.0.2/powermock-module-junit4-common-2.0.2.jar:/home/matheus/.m2/repository/org/powermock/powermock-reflect/2.0.2/powermock-reflect-2.0.2.jar:/home/matheus/.m2/repository/org/powermock/powermock-core/2.0.2/powermock-core-2.0.2.jar:/home/matheus/.m2/repository/org/javassist/javassist/3.24.0-GA/javassist-3.24.0-GA.jar:/home/matheus/.m2/repository/org/powermock/powermock-api-mockito2/2.0.2/powermock-api-mockito2-2.0.2.jar:/home/matheus/.m2/repository/org/powermock/powermock-api-support/2.0.2/powermock-api-support-2.0.2.jar:"/>
    <property name="java.vm.vendor" value="Ubuntu"/>
    <property name="sun.arch.data.model" value="64"/>
    <property name="java.vendor.url" value="https://ubuntu.com/"/>
    <property name="user.timezone" value=""/>
    <property name="java.vm.specification.version" value="11"/>
    <property name="os.name" value="Linux"/>
    <property name="sun.java.launcher" value="SUN_STANDARD"/>
    <property name="user.country" value="BR"/>
    <property name="sun.boot.library.path" value="/usr/lib/jvm/java-11-openjdk-amd64/lib"/>
    <property name="sun.java.command" value="/home/matheus/Documentos/patrimonio-intangivel/patrimonio-intangivel-api/patrimonio-intangivel-api-domain/target/surefire/surefirebooter9035650444745494236.jar /home/matheus/Documentos/patrimonio-intangivel/patrimonio-intangivel-api/patrimonio-intangivel-api-domain/target/surefire 2021-09-27T14-21-26_549-jvmRun1 surefire9055007214069542602tmp surefire_06352533480530739558tmp"/>
    <property name="jdk.debug" value="release"/>
    <property name="surefire.test.class.path" value="/home/matheus/Documentos/patrimonio-intangivel/patrimonio-intangivel-api/patrimonio-intangivel-api-domain/target/test-classes:/home/matheus/Documentos/patrimonio-intangivel/patrimonio-intangivel-api/patrimonio-intangivel-api-domain/target/classes:/home/matheus/Documentos/patrimonio-intangivel/patrimonio-intangivel-api/patrimonio-intangivel-api-utils/target/patrimonio-intangivel-api-utils-1.5.0-SNAPSHOT.34.jar:/home/matheus/.m2/repository/org/springframework/spring-context/5.1.8.RELEASE/spring-context-5.1.8.RELEASE.jar:/home/matheus/.m2/repository/org/springframework/spring-aop/5.1.8.RELEASE/spring-aop-5.1.8.RELEASE.jar:/home/matheus/.m2/repository/org/springframework/spring-beans/5.1.8.RELEASE/spring-beans-5.1.8.RELEASE.jar:/home/matheus/.m2/repository/org/springframework/spring-core/5.1.8.RELEASE/spring-core-5.1.8.RELEASE.jar:/home/matheus/.m2/repository/org/springframework/spring-jcl/5.1.8.RELEASE/spring-jcl-5.1.8.RELEASE.jar:/home/matheus/.m2/repository/org/springframework/spring-expression/5.1.8.RELEASE/spring-expression-5.1.8.RELEASE.jar:/home/matheus/.m2/repository/org/projectlombok/lombok/1.18.8/lombok-1.18.8.jar:/home/matheus/.m2/repository/org/jacoco/org.jacoco.agent/0.8.4/org.jacoco.agent-0.8.4-runtime.jar:/home/matheus/.m2/repository/junit/junit/4.12/junit-4.12.jar:/home/matheus/.m2/repository/org/hamcrest/hamcrest-core/1.3/hamcrest-core-1.3.jar:/home/matheus/.m2/repository/org/mockito/mockito-core/2.18.0/mockito-core-2.18.0.jar:/home/matheus/.m2/repository/net/bytebuddy/byte-buddy/1.9.13/byte-buddy-1.9.13.jar:/home/matheus/.m2/repository/net/bytebuddy/byte-buddy-agent/1.9.13/byte-buddy-agent-1.9.13.jar:/home/matheus/.m2/repository/org/objenesis/objenesis/2.6/objenesis-2.6.jar:/home/matheus/.m2/repository/org/powermock/powermock-module-junit4/2.0.2/powermock-module-junit4-2.0.2.jar:/home/matheus/.m2/repository/org/powermock/powermock-module-junit4-common/2.0.2/powermock-module-junit4-common-2.0.2.jar:/home/matheus/.m2/repository/org/powermock/powermock-reflect/2.0.2/powermock-reflect-2.0.2.jar:/home/matheus/.m2/repository/org/powermock/powermock-core/2.0.2/powermock-core-2.0.2.jar:/home/matheus/.m2/repository/org/javassist/javassist/3.24.0-GA/javassist-3.24.0-GA.jar:/home/matheus/.m2/repository/org/powermock/powermock-api-mockito2/2.0.2/powermock-api-mockito2-2.0.2.jar:/home/matheus/.m2/repository/org/powermock/powermock-api-support/2.0.2/powermock-api-support-2.0.2.jar:"/>
    <property name="sun.cpu.endian" value="little"/>
    <property name="user.home" value="/home/matheus"/>
    <property name="user.language" value="pt"/>
    <property name="java.specification.vendor" value="Oracle Corporation"/>
    <property name="java.version.date" value="2021-04-20"/>
    <property name="java.home" value="/usr/lib/jvm/java-11-openjdk-amd64"/>
    <property name="file.separator" value="/"/>
    <property name="basedir" value="/home/matheus/Documentos/patrimonio-intangivel/patrimonio-intangivel-api/patrimonio-intangivel-api-domain"/>
    <property name="java.vm.compressedOopsMode" value="Zero based"/>
    <property name="line.separator" value="&#10;"/>
    <property name="java.specification.name" value="Java Platform API Specification"/>
    <property name="java.vm.specification.vendor" value="Oracle Corporation"/>
    <property name="java.awt.graphicsenv" value="sun.awt.X11GraphicsEnvironment"/>
    <property name="surefire.real.class.path" value="/home/matheus/Documentos/patrimonio-intangivel/patrimonio-intangivel-api/patrimonio-intangivel-api-domain/target/surefire/surefirebooter9035650444745494236.jar"/>
    <property name="sun.management.compiler" value="HotSpot 64-Bit Tiered Compilers"/>
    <property name="java.runtime.version" value="11.0.11+9-Ubuntu-0ubuntu2.20.04"/>
    <property name="user.name" value="matheus"/>
    <property name="path.separator" value=":"/>
    <property name="os.version" value="5.11.0-36-generic"/>
    <property name="java.runtime.name" value="OpenJDK Runtime Environment"/>
    <property name="file.encoding" value="UTF-8"/>
    <property name="java.vm.name" value="OpenJDK 64-Bit Server VM"/>
    <property name="localRepository" value="/home/matheus/.m2/repository"/>
    <property name="java.vendor.url.bug" value="https://bugs.launchpad.net/ubuntu/+source/openjdk-lts"/>
    <property name="java.io.tmpdir" value="/tmp"/>
    <property name="idea.version" value="2021.2.2"/>
    <property name="java.version" value="11.0.11"/>
    <property name="user.dir" value="/home/matheus/Documentos/patrimonio-intangivel/patrimonio-intangivel-api/patrimonio-intangivel-api-domain"/>
    <property name="os.arch" value="amd64"/>
    <property name="java.vm.specification.name" value="Java Virtual Machine Specification"/>
    <property name="java.awt.printerjob" value="sun.print.PSPrinterJob"/>
    <property name="sun.os.patch.level" value="unknown"/>
    <property name="java.library.path" value="/usr/java/packages/lib:/usr/lib/x86_64-linux-gnu/jni:/lib/x86_64-linux-gnu:/usr/lib/x86_64-linux-gnu:/usr/lib/jni:/lib:/usr/lib"/>
    <property name="java.vm.info" value="mixed mode, sharing"/>
    <property name="java.vendor" value="Ubuntu"/>
    <property name="java.vm.version" value="11.0.11+9-Ubuntu-0ubuntu2.20.04"/>
    <property name="sun.io.unicode.encoding" value="UnicodeLittle"/>
    <property name="maven.repo.local" value="/home/matheus/.m2/repository"/>
    <property name="java.class.version" value="55.0"/>
  </properties>
  <testcase name="deveRetornarAMensagemCorreta" classname="br.com.azi.patrimoniointangivel.domain.usecase.patrimonio.ativacao.exception.DataAtivacaoIgualDataDeVencimentoExceptionTest" time="0"/>
</testsuite>